23:39 ERROR o.s.boot.SpringApplication - Application run failed
java.lang.IllegalStateException: java.lang.IllegalStateException: Logback configuration error detected: 
ERROR in ch.qos.logback.classic.PatternLayout("null") - Empty or null pattern.
	at org.springframework.boot.context.logging.LoggingApplicationListener.initializeSystem(LoggingApplicationListener.java:352)
	at org.springframework.boot.context.logging.LoggingApplicationListener.initialize(LoggingApplicationListener.java:302)
	at org.springframework.boot.context.logging.LoggingApplicationListener.onApplicationEnvironmentPreparedEvent(LoggingApplicationListener.java:248)
	at org.springframework.boot.context.logging.LoggingApplicationListener.onApplicationEvent(LoggingApplicationListener.java:225)
	at org.springframework.context.event.SimpleApplicationEventMulticaster.doInvokeListener(SimpleApplicationEventMulticaster.java:180)
	at org.springframework.context.event.SimpleApplicationEventMulticaster.invokeListener(SimpleApplicationEventMulticaster.java:173)
	at org.springframework.context.event.SimpleApplicationEventMulticaster.multicastEvent(SimpleApplicationEventMulticaster.java:151)
	at org.springframework.context.event.SimpleApplicationEventMulticaster.multicastEvent(SimpleApplicationEventMulticaster.java:133)
	at org.springframework.boot.context.event.EventPublishingRunListener.multicastInitialEvent(EventPublishingRunListener.java:137)
	at org.springframework.boot.context.event.EventPublishingRunListener.environmentPrepared(EventPublishingRunListener.java:82)
	at org.springframework.boot.SpringApplicationRunListeners.lambda$environmentPrepared$0(SpringApplicationRunListeners.java:66)
	at java.base/java.lang.Iterable.forEach(Iterable.java:75)
	at org.springframework.boot.SpringApplicationRunListeners.doWithListeners(SpringApplicationRunListeners.java:123)
	at org.springframework.boot.SpringApplicationRunListeners.doWithListeners(SpringApplicationRunListeners.java:117)
	at org.springframework.boot.SpringApplicationRunListeners.environmentPrepared(SpringApplicationRunListeners.java:65)
	at org.springframework.boot.SpringApplication.prepareEnvironment(SpringApplication.java:356)
	at org.springframework.boot.SpringApplication.run(SpringApplication.java:316)
	at org.springframework.boot.SpringApplication.run(SpringApplication.java:1374)
	at org.springframework.boot.SpringApplication.run(SpringApplication.java:1363)
	at com.crazym416.journalApp.JournalApplication.main(JournalApplication.java:10)
Caused by: java.lang.IllegalStateException: Logback configuration error detected: 
ERROR in ch.qos.logback.classic.PatternLayout("null") - Empty or null pattern.
	at org.springframework.boot.logging.logback.LogbackLoggingSystem.reportConfigurationErrorsIfNecessary(LogbackLoggingSystem.java:296)
	at org.springframework.boot.logging.logback.LogbackLoggingSystem.loadConfiguration(LogbackLoggingSystem.java:274)
	at org.springframework.boot.logging.logback.LogbackLoggingSystem.reinitialize(LogbackLoggingSystem.java:351)
	at org.springframework.boot.logging.AbstractLoggingSystem.initializeWithConventions(AbstractLoggingSystem.java:79)
	at org.springframework.boot.logging.AbstractLoggingSystem.initialize(AbstractLoggingSystem.java:65)
	at org.springframework.boot.logging.logback.LogbackLoggingSystem.initialize(LogbackLoggingSystem.java:197)
	at org.springframework.boot.context.logging.LoggingApplicationListener.initializeSystem(LoggingApplicationListener.java:337)
	... 19 common frames omitted
23:40 INFO  c.c.journalApp.JournalApplication - Starting JournalApplication using Java 21.0.1 with PID 27882 (/Users/ashishnamdeo/Downloads/journalApp/target/classes started by ashishnamdeo in /Users/ashishnamdeo/Downloads/journalApp)
23:40 INFO  c.c.journalApp.JournalApplication - The following 1 profile is active: "dev"
23:40 INFO  o.s.d.r.c.RepositoryConfigurationDelegate - Bootstrapping Spring Data MongoDB repositories in DEFAULT mode.
23:40 INFO  o.s.d.r.c.RepositoryConfigurationDelegate - Finished Spring Data repository scanning in 15 ms. Found 2 MongoDB repository interfaces.
23:40 INFO  o.s.boot.tomcat.TomcatWebServer - Tomcat initialized with port 8080 (http)
23:40 INFO  o.a.coyote.http11.Http11NioProtocol - Initializing ProtocolHandler ["http-nio-8080"]
23:40 INFO  o.a.catalina.core.StandardService - Starting service [Tomcat]
23:40 INFO  o.a.catalina.core.StandardEngine - Starting Servlet engine: [Apache Tomcat/11.0.14]
23:40 INFO  o.s.b.w.c.s.WebApplicationContextInitializer - Root WebApplicationContext: initialization completed in 391 ms
23:40 INFO  org.mongodb.driver.client - MongoClient with metadata {"application": {"name": "Cluster0"}, "driver": {"name": "mongo-java-driver|spring-boot|sync", "version": "5.6.1"}, "os": {"type": "Darwin", "name": "Mac OS X", "architecture": "aarch64", "version": "15.6.1"}, "platform": "Java/Oracle Corporation/21.0.1+12-LTS-29"} created with settings MongoClientSettings{readPreference=primary, writeConcern=WriteConcern{w=null, wTimeout=null ms, journal=null}, retryWrites=true, retryReads=true, readConcern=ReadConcern{level=null}, credential=MongoCredential{mechanism=null, userName='ashishnamdev14_db_user', source='admin', password=<hidden>, mechanismProperties=<hidden>}, transportSettings=null, commandListeners=[], codecRegistry=ProvidersCodecRegistry{codecProviders=[ValueCodecProvider{}, BsonValueCodecProvider{}, DBRefCodecProvider{}, DBObjectCodecProvider{}, DocumentCodecProvider{}, CollectionCodecProvider{}, IterableCodecProvider{}, MapCodecProvider{}, GeoJsonCodecProvider{}, GridFSFileCodecProvider{}, Jsr310CodecProvider{}, JsonObjectCodecProvider{}, BsonCodecProvider{}, com.mongodb.client.model.mql.ExpressionCodecProvider@370ef50b, com.mongodb.Jep395RecordCodecProvider@2b877a54, com.mongodb.KotlinCodecProvider@268c030f, EnumCodecProvider{}]}, loggerSettings=LoggerSettings{maxDocumentLength=1000}, clusterSettings={hosts=[127.0.0.1:27017], srvHost=cluster0.ulqvyrj.mongodb.net, srvServiceName=mongodb, mode=MULTIPLE, requiredClusterType=REPLICA_SET, requiredReplicaSetName='atlas-lscx22-shard-0', serverSelector='null', clusterListeners='[]', serverSelectionTimeout='30000 ms', localThreshold='15 ms'}, socketSettings=SocketSettings{connectTimeoutMS=10000, readTimeoutMS=0, receiveBufferSize=0, proxySettings=ProxySettings{host=null, port=null, username=null, password=null}}, heartbeatSocketSettings=SocketSettings{connectTimeoutMS=10000, readTimeoutMS=10000, receiveBufferSize=0, proxySettings=ProxySettings{host=null, port=null, username=null, password=null}}, connectionPoolSettings=ConnectionPoolSettings{maxSize=100, minSize=0, maxWaitTimeMS=120000, maxConnectionLifeTimeMS=0, maxConnectionIdleTimeMS=0, maintenanceInitialDelayMS=0, maintenanceFrequencyMS=60000, connectionPoolListeners=[], maxConnecting=2}, serverSettings=ServerSettings{heartbeatFrequencyMS=10000, minHeartbeatFrequencyMS=500, serverMonitoringMode=AUTO, serverListeners='[]', serverMonitorListeners='[]'}, sslSettings=SslSettings{enabled=true, invalidHostNameAllowed=false, context=null}, applicationName='Cluster0', compressorList=[], uuidRepresentation=UNSPECIFIED, serverApi=null, autoEncryptionSettings=null, dnsClient=null, inetAddressResolver=null, contextProvider=null, timeoutMS=null}
23:40 INFO  org.mongodb.driver.cluster - Adding discovered server ac-ftthfxo-shard-00-02.ulqvyrj.mongodb.net:27017 to client view of cluster
23:40 INFO  org.mongodb.driver.cluster - Adding discovered server ac-ftthfxo-shard-00-00.ulqvyrj.mongodb.net:27017 to client view of cluster
23:40 INFO  org.mongodb.driver.cluster - Adding discovered server ac-ftthfxo-shard-00-01.ulqvyrj.mongodb.net:27017 to client view of cluster
23:40 INFO  o.s.s.c.a.a.c.InitializeUserDetailsBeanManagerConfigurer$InitializeUserDetailsManagerConfigurer - Global AuthenticationManager configured with UserDetailsService bean with name userDetailsServiceImpl
23:40 INFO  o.a.coyote.http11.Http11NioProtocol - Starting ProtocolHandler ["http-nio-8080"]
23:40 INFO  o.s.boot.tomcat.TomcatWebServer - Tomcat started on port 8080 (http) with context path '/'
23:40 INFO  c.c.journalApp.JournalApplication - Started JournalApplication in 1.043 seconds (process running for 1.473)
23:40 INFO  org.mongodb.driver.cluster - Monitor thread successfully connected to server with description ServerDescription{address=ac-ftthfxo-shard-00-00.ulqvyrj.mongodb.net:27017, type=REPLICA_SET_SECONDARY, cryptd=false, state=CONNECTED, ok=true, minWireVersion=0, maxWireVersion=25, maxDocumentSize=16777216, logicalSessionTimeoutMinutes=30, roundTripTimeNanos=288878084, minRoundTripTimeNanos=0, setName='atlas-lscx22-shard-0', canonicalAddress=ac-ftthfxo-shard-00-00.ulqvyrj.mongodb.net:27017, hosts=[ac-ftthfxo-shard-00-00.ulqvyrj.mongodb.net:27017, ac-ftthfxo-shard-00-01.ulqvyrj.mongodb.net:27017, ac-ftthfxo-shard-00-02.ulqvyrj.mongodb.net:27017], passives=[], arbiters=[], primary='ac-ftthfxo-shard-00-01.ulqvyrj.mongodb.net:27017', tagSet=TagSet{[Tag{name='availabilityZone', value='use1-az1'}, Tag{name='diskState', value='READY'}, Tag{name='nodeType', value='ELECTABLE'}, Tag{name='provider', value='AWS'}, Tag{name='region', value='US_EAST_1'}, Tag{name='workloadType', value='OPERATIONAL'}]}, electionId=null, setVersion=208, topologyVersion=TopologyVersion{processId=691ca2fa2cb5e4ab9757aff1, counter=4}, lastWriteDate=Sat Dec 13 23:40:22 PST 2025, lastUpdateTimeNanos=49636307342166}
23:40 INFO  org.mongodb.driver.cluster - Monitor thread successfully connected to server with description ServerDescription{address=ac-ftthfxo-shard-00-02.ulqvyrj.mongodb.net:27017, type=REPLICA_SET_SECONDARY, cryptd=false, state=CONNECTED, ok=true, minWireVersion=0, maxWireVersion=25, maxDocumentSize=16777216, logicalSessionTimeoutMinutes=30, roundTripTimeNanos=288885000, minRoundTripTimeNanos=0, setName='atlas-lscx22-shard-0', canonicalAddress=ac-ftthfxo-shard-00-02.ulqvyrj.mongodb.net:27017, hosts=[ac-ftthfxo-shard-00-00.ulqvyrj.mongodb.net:27017, ac-ftthfxo-shard-00-01.ulqvyrj.mongodb.net:27017, ac-ftthfxo-shard-00-02.ulqvyrj.mongodb.net:27017], passives=[], arbiters=[], primary='ac-ftthfxo-shard-00-01.ulqvyrj.mongodb.net:27017', tagSet=TagSet{[Tag{name='availabilityZone', value='use1-az4'}, Tag{name='diskState', value='READY'}, Tag{name='nodeType', value='ELECTABLE'}, Tag{name='provider', value='AWS'}, Tag{name='region', value='US_EAST_1'}, Tag{name='workloadType', value='OPERATIONAL'}]}, electionId=null, setVersion=208, topologyVersion=TopologyVersion{processId=691ca7e6eadbc05ce493a64a, counter=3}, lastWriteDate=Sat Dec 13 23:40:22 PST 2025, lastUpdateTimeNanos=49636307345625}
23:40 INFO  org.mongodb.driver.cluster - Monitor thread successfully connected to server with description ServerDescription{address=ac-ftthfxo-shard-00-01.ulqvyrj.mongodb.net:27017, type=REPLICA_SET_PRIMARY, cryptd=false, state=CONNECTED, ok=true, minWireVersion=0, maxWireVersion=25, maxDocumentSize=16777216, logicalSessionTimeoutMinutes=30, roundTripTimeNanos=288877333, minRoundTripTimeNanos=0, setName='atlas-lscx22-shard-0', canonicalAddress=ac-ftthfxo-shard-00-01.ulqvyrj.mongodb.net:27017, hosts=[ac-ftthfxo-shard-00-00.ulqvyrj.mongodb.net:27017, ac-ftthfxo-shard-00-01.ulqvyrj.mongodb.net:27017, ac-ftthfxo-shard-00-02.ulqvyrj.mongodb.net:27017], passives=[], arbiters=[], primary='ac-ftthfxo-shard-00-01.ulqvyrj.mongodb.net:27017', tagSet=TagSet{[Tag{name='availabilityZone', value='use1-az2'}, Tag{name='diskState', value='READY'}, Tag{name='nodeType', value='ELECTABLE'}, Tag{name='provider', value='AWS'}, Tag{name='region', value='US_EAST_1'}, Tag{name='workloadType', value='OPERATIONAL'}]}, electionId=7fffffff00000000000001da, setVersion=208, topologyVersion=TopologyVersion{processId=691ca55af99e444a426b5ff2, counter=6}, lastWriteDate=Sat Dec 13 23:40:22 PST 2025, lastUpdateTimeNanos=49636307342166}
23:40 INFO  org.mongodb.driver.cluster - Discovered replica set primary ac-ftthfxo-shard-00-01.ulqvyrj.mongodb.net:27017 with max election id 7fffffff00000000000001da and max set version 208
23:41 INFO  o.a.c.c.C.[Tomcat].[localhost].[/] - Initializing Spring DispatcherServlet 'dispatcherServlet'
23:41 INFO  o.s.web.servlet.DispatcherServlet - Initializing Servlet 'dispatcherServlet'
23:41 INFO  o.s.web.servlet.DispatcherServlet - Completed initialization in 2 ms
23:41 ERROR c.c.journalApp.service.UserService - Cannot Create a New User
23:48 INFO  o.s.boot.tomcat.GracefulShutdown - Commencing graceful shutdown. Waiting for active requests to complete
23:48 INFO  o.s.boot.tomcat.GracefulShutdown - Graceful shutdown complete
23:48 INFO  c.c.journalApp.JournalApplication - Starting JournalApplication using Java 21.0.1 with PID 28100 (/Users/ashishnamdeo/Downloads/journalApp/target/classes started by ashishnamdeo in /Users/ashishnamdeo/Downloads/journalApp)
23:48 INFO  c.c.journalApp.JournalApplication - The following 1 profile is active: "dev"
23:48 INFO  o.s.d.r.c.RepositoryConfigurationDelegate - Bootstrapping Spring Data MongoDB repositories in DEFAULT mode.
23:48 INFO  o.s.d.r.c.RepositoryConfigurationDelegate - Finished Spring Data repository scanning in 16 ms. Found 2 MongoDB repository interfaces.
23:48 INFO  o.s.boot.tomcat.TomcatWebServer - Tomcat initialized with port 8080 (http)
23:48 INFO  o.a.coyote.http11.Http11NioProtocol - Initializing ProtocolHandler ["http-nio-8080"]
23:48 INFO  o.a.catalina.core.StandardService - Starting service [Tomcat]
23:48 INFO  o.a.catalina.core.StandardEngine - Starting Servlet engine: [Apache Tomcat/11.0.14]
23:48 INFO  o.s.b.w.c.s.WebApplicationContextInitializer - Root WebApplicationContext: initialization completed in 411 ms
23:48 INFO  org.mongodb.driver.client - MongoClient with metadata {"application": {"name": "Cluster0"}, "driver": {"name": "mongo-java-driver|spring-boot|sync", "version": "5.6.1"}, "os": {"type": "Darwin", "name": "Mac OS X", "architecture": "aarch64", "version": "15.6.1"}, "platform": "Java/Oracle Corporation/21.0.1+12-LTS-29"} created with settings MongoClientSettings{readPreference=primary, writeConcern=WriteConcern{w=null, wTimeout=null ms, journal=null}, retryWrites=true, retryReads=true, readConcern=ReadConcern{level=null}, credential=MongoCredential{mechanism=null, userName='ashishnamdev14_db_user', source='admin', password=<hidden>, mechanismProperties=<hidden>}, transportSettings=null, commandListeners=[], codecRegistry=ProvidersCodecRegistry{codecProviders=[ValueCodecProvider{}, BsonValueCodecProvider{}, DBRefCodecProvider{}, DBObjectCodecProvider{}, DocumentCodecProvider{}, CollectionCodecProvider{}, IterableCodecProvider{}, MapCodecProvider{}, GeoJsonCodecProvider{}, GridFSFileCodecProvider{}, Jsr310CodecProvider{}, JsonObjectCodecProvider{}, BsonCodecProvider{}, com.mongodb.client.model.mql.ExpressionCodecProvider@437c4b25, com.mongodb.Jep395RecordCodecProvider@5ec6fede, com.mongodb.KotlinCodecProvider@580902cd, EnumCodecProvider{}]}, loggerSettings=LoggerSettings{maxDocumentLength=1000}, clusterSettings={hosts=[127.0.0.1:27017], srvHost=cluster0.ulqvyrj.mongodb.net, srvServiceName=mongodb, mode=MULTIPLE, requiredClusterType=REPLICA_SET, requiredReplicaSetName='atlas-lscx22-shard-0', serverSelector='null', clusterListeners='[]', serverSelectionTimeout='30000 ms', localThreshold='15 ms'}, socketSettings=SocketSettings{connectTimeoutMS=10000, readTimeoutMS=0, receiveBufferSize=0, proxySettings=ProxySettings{host=null, port=null, username=null, password=null}}, heartbeatSocketSettings=SocketSettings{connectTimeoutMS=10000, readTimeoutMS=10000, receiveBufferSize=0, proxySettings=ProxySettings{host=null, port=null, username=null, password=null}}, connectionPoolSettings=ConnectionPoolSettings{maxSize=100, minSize=0, maxWaitTimeMS=120000, maxConnectionLifeTimeMS=0, maxConnectionIdleTimeMS=0, maintenanceInitialDelayMS=0, maintenanceFrequencyMS=60000, connectionPoolListeners=[], maxConnecting=2}, serverSettings=ServerSettings{heartbeatFrequencyMS=10000, minHeartbeatFrequencyMS=500, serverMonitoringMode=AUTO, serverListeners='[]', serverMonitorListeners='[]'}, sslSettings=SslSettings{enabled=true, invalidHostNameAllowed=false, context=null}, applicationName='Cluster0', compressorList=[], uuidRepresentation=UNSPECIFIED, serverApi=null, autoEncryptionSettings=null, dnsClient=null, inetAddressResolver=null, contextProvider=null, timeoutMS=null}
23:48 INFO  org.mongodb.driver.cluster - Adding discovered server ac-ftthfxo-shard-00-02.ulqvyrj.mongodb.net:27017 to client view of cluster
23:48 INFO  org.mongodb.driver.cluster - Adding discovered server ac-ftthfxo-shard-00-01.ulqvyrj.mongodb.net:27017 to client view of cluster
23:48 INFO  org.mongodb.driver.cluster - Adding discovered server ac-ftthfxo-shard-00-00.ulqvyrj.mongodb.net:27017 to client view of cluster
23:48 INFO  o.s.s.c.a.a.c.InitializeUserDetailsBeanManagerConfigurer$InitializeUserDetailsManagerConfigurer - Global AuthenticationManager configured with UserDetailsService bean with name userDetailsServiceImpl
23:48 INFO  o.a.coyote.http11.Http11NioProtocol - Starting ProtocolHandler ["http-nio-8080"]
23:48 INFO  o.s.boot.tomcat.TomcatWebServer - Tomcat started on port 8080 (http) with context path '/'
23:48 INFO  c.c.journalApp.JournalApplication - Started JournalApplication in 1.038 seconds (process running for 1.52)
23:48 INFO  org.mongodb.driver.cluster - Monitor thread successfully connected to server with description ServerDescription{address=ac-ftthfxo-shard-00-01.ulqvyrj.mongodb.net:27017, type=REPLICA_SET_PRIMARY, cryptd=false, state=CONNECTED, ok=true, minWireVersion=0, maxWireVersion=25, maxDocumentSize=16777216, logicalSessionTimeoutMinutes=30, roundTripTimeNanos=285224416, minRoundTripTimeNanos=0, setName='atlas-lscx22-shard-0', canonicalAddress=ac-ftthfxo-shard-00-01.ulqvyrj.mongodb.net:27017, hosts=[ac-ftthfxo-shard-00-00.ulqvyrj.mongodb.net:27017, ac-ftthfxo-shard-00-01.ulqvyrj.mongodb.net:27017, ac-ftthfxo-shard-00-02.ulqvyrj.mongodb.net:27017], passives=[], arbiters=[], primary='ac-ftthfxo-shard-00-01.ulqvyrj.mongodb.net:27017', tagSet=TagSet{[Tag{name='availabilityZone', value='use1-az2'}, Tag{name='diskState', value='READY'}, Tag{name='nodeType', value='ELECTABLE'}, Tag{name='provider', value='AWS'}, Tag{name='region', value='US_EAST_1'}, Tag{name='workloadType', value='OPERATIONAL'}]}, electionId=7fffffff00000000000001da, setVersion=208, topologyVersion=TopologyVersion{processId=691ca55af99e444a426b5ff2, counter=6}, lastWriteDate=Sat Dec 13 23:48:07 PST 2025, lastUpdateTimeNanos=50100794178041}
23:48 INFO  org.mongodb.driver.cluster - Monitor thread successfully connected to server with description ServerDescription{address=ac-ftthfxo-shard-00-02.ulqvyrj.mongodb.net:27017, type=REPLICA_SET_SECONDARY, cryptd=false, state=CONNECTED, ok=true, minWireVersion=0, maxWireVersion=25, maxDocumentSize=16777216, logicalSessionTimeoutMinutes=30, roundTripTimeNanos=285223125, minRoundTripTimeNanos=0, setName='atlas-lscx22-shard-0', canonicalAddress=ac-ftthfxo-shard-00-02.ulqvyrj.mongodb.net:27017, hosts=[ac-ftthfxo-shard-00-00.ulqvyrj.mongodb.net:27017, ac-ftthfxo-shard-00-01.ulqvyrj.mongodb.net:27017, ac-ftthfxo-shard-00-02.ulqvyrj.mongodb.net:27017], passives=[], arbiters=[], primary='ac-ftthfxo-shard-00-01.ulqvyrj.mongodb.net:27017', tagSet=TagSet{[Tag{name='availabilityZone', value='use1-az4'}, Tag{name='diskState', value='READY'}, Tag{name='nodeType', value='ELECTABLE'}, Tag{name='provider', value='AWS'}, Tag{name='region', value='US_EAST_1'}, Tag{name='workloadType', value='OPERATIONAL'}]}, electionId=null, setVersion=208, topologyVersion=TopologyVersion{processId=691ca7e6eadbc05ce493a64a, counter=3}, lastWriteDate=Sat Dec 13 23:48:07 PST 2025, lastUpdateTimeNanos=50100794201875}
23:48 INFO  org.mongodb.driver.cluster - Monitor thread successfully connected to server with description ServerDescription{address=ac-ftthfxo-shard-00-00.ulqvyrj.mongodb.net:27017, type=REPLICA_SET_SECONDARY, cryptd=false, state=CONNECTED, ok=true, minWireVersion=0, maxWireVersion=25, maxDocumentSize=16777216, logicalSessionTimeoutMinutes=30, roundTripTimeNanos=285224458, minRoundTripTimeNanos=0, setName='atlas-lscx22-shard-0', canonicalAddress=ac-ftthfxo-shard-00-00.ulqvyrj.mongodb.net:27017, hosts=[ac-ftthfxo-shard-00-00.ulqvyrj.mongodb.net:27017, ac-ftthfxo-shard-00-01.ulqvyrj.mongodb.net:27017, ac-ftthfxo-shard-00-02.ulqvyrj.mongodb.net:27017], passives=[], arbiters=[], primary='ac-ftthfxo-shard-00-01.ulqvyrj.mongodb.net:27017', tagSet=TagSet{[Tag{name='availabilityZone', value='use1-az1'}, Tag{name='diskState', value='READY'}, Tag{name='nodeType', value='ELECTABLE'}, Tag{name='provider', value='AWS'}, Tag{name='region', value='US_EAST_1'}, Tag{name='workloadType', value='OPERATIONAL'}]}, electionId=null, setVersion=208, topologyVersion=TopologyVersion{processId=691ca2fa2cb5e4ab9757aff1, counter=4}, lastWriteDate=Sat Dec 13 23:48:07 PST 2025, lastUpdateTimeNanos=50100794178000}
23:48 INFO  org.mongodb.driver.cluster - Discovered replica set primary ac-ftthfxo-shard-00-01.ulqvyrj.mongodb.net:27017 with max election id 7fffffff00000000000001da and max set version 208
23:48 INFO  o.a.c.c.C.[Tomcat].[localhost].[/] - Initializing Spring DispatcherServlet 'dispatcherServlet'
23:48 INFO  o.s.web.servlet.DispatcherServlet - Initializing Servlet 'dispatcherServlet'
23:48 INFO  o.s.web.servlet.DispatcherServlet - Completed initialization in 2 ms
23:48 ERROR c.c.journalApp.service.UserService - Cannot Create a New User
23:49 INFO  o.s.boot.tomcat.GracefulShutdown - Commencing graceful shutdown. Waiting for active requests to complete
23:49 INFO  o.s.boot.tomcat.GracefulShutdown - Graceful shutdown complete
23:50 INFO  c.c.journalApp.JournalApplication - Starting JournalApplication using Java 21.0.1 with PID 28157 (/Users/ashishnamdeo/Downloads/journalApp/target/classes started by ashishnamdeo in /Users/ashishnamdeo/Downloads/journalApp)
23:50 INFO  c.c.journalApp.JournalApplication - The following 1 profile is active: "dev"
23:50 INFO  o.s.d.r.c.RepositoryConfigurationDelegate - Bootstrapping Spring Data MongoDB repositories in DEFAULT mode.
23:50 INFO  o.s.d.r.c.RepositoryConfigurationDelegate - Finished Spring Data repository scanning in 14 ms. Found 2 MongoDB repository interfaces.
23:50 INFO  o.s.boot.tomcat.TomcatWebServer - Tomcat initialized with port 8080 (http)
23:50 INFO  o.a.coyote.http11.Http11NioProtocol - Initializing ProtocolHandler ["http-nio-8080"]
23:50 INFO  o.a.catalina.core.StandardService - Starting service [Tomcat]
23:50 INFO  o.a.catalina.core.StandardEngine - Starting Servlet engine: [Apache Tomcat/11.0.14]
23:50 INFO  o.s.b.w.c.s.WebApplicationContextInitializer - Root WebApplicationContext: initialization completed in 389 ms
23:50 INFO  org.mongodb.driver.client - MongoClient with metadata {"application": {"name": "Cluster0"}, "driver": {"name": "mongo-java-driver|spring-boot|sync", "version": "5.6.1"}, "os": {"type": "Darwin", "name": "Mac OS X", "architecture": "aarch64", "version": "15.6.1"}, "platform": "Java/Oracle Corporation/21.0.1+12-LTS-29"} created with settings MongoClientSettings{readPreference=primary, writeConcern=WriteConcern{w=null, wTimeout=null ms, journal=null}, retryWrites=true, retryReads=true, readConcern=ReadConcern{level=null}, credential=MongoCredential{mechanism=null, userName='ashishnamdev14_db_user', source='admin', password=<hidden>, mechanismProperties=<hidden>}, transportSettings=null, commandListeners=[], codecRegistry=ProvidersCodecRegistry{codecProviders=[ValueCodecProvider{}, BsonValueCodecProvider{}, DBRefCodecProvider{}, DBObjectCodecProvider{}, DocumentCodecProvider{}, CollectionCodecProvider{}, IterableCodecProvider{}, MapCodecProvider{}, GeoJsonCodecProvider{}, GridFSFileCodecProvider{}, Jsr310CodecProvider{}, JsonObjectCodecProvider{}, BsonCodecProvider{}, com.mongodb.client.model.mql.ExpressionCodecProvider@5e599100, com.mongodb.Jep395RecordCodecProvider@3b435211, com.mongodb.KotlinCodecProvider@361cd35c, EnumCodecProvider{}]}, loggerSettings=LoggerSettings{maxDocumentLength=1000}, clusterSettings={hosts=[127.0.0.1:27017], srvHost=cluster0.ulqvyrj.mongodb.net, srvServiceName=mongodb, mode=MULTIPLE, requiredClusterType=REPLICA_SET, requiredReplicaSetName='atlas-lscx22-shard-0', serverSelector='null', clusterListeners='[]', serverSelectionTimeout='30000 ms', localThreshold='15 ms'}, socketSettings=SocketSettings{connectTimeoutMS=10000, readTimeoutMS=0, receiveBufferSize=0, proxySettings=ProxySettings{host=null, port=null, username=null, password=null}}, heartbeatSocketSettings=SocketSettings{connectTimeoutMS=10000, readTimeoutMS=10000, receiveBufferSize=0, proxySettings=ProxySettings{host=null, port=null, username=null, password=null}}, connectionPoolSettings=ConnectionPoolSettings{maxSize=100, minSize=0, maxWaitTimeMS=120000, maxConnectionLifeTimeMS=0, maxConnectionIdleTimeMS=0, maintenanceInitialDelayMS=0, maintenanceFrequencyMS=60000, connectionPoolListeners=[], maxConnecting=2}, serverSettings=ServerSettings{heartbeatFrequencyMS=10000, minHeartbeatFrequencyMS=500, serverMonitoringMode=AUTO, serverListeners='[]', serverMonitorListeners='[]'}, sslSettings=SslSettings{enabled=true, invalidHostNameAllowed=false, context=null}, applicationName='Cluster0', compressorList=[], uuidRepresentation=UNSPECIFIED, serverApi=null, autoEncryptionSettings=null, dnsClient=null, inetAddressResolver=null, contextProvider=null, timeoutMS=null}
23:50 INFO  org.mongodb.driver.cluster - Adding discovered server ac-ftthfxo-shard-00-02.ulqvyrj.mongodb.net:27017 to client view of cluster
23:50 INFO  org.mongodb.driver.cluster - Adding discovered server ac-ftthfxo-shard-00-00.ulqvyrj.mongodb.net:27017 to client view of cluster
23:50 INFO  org.mongodb.driver.cluster - Adding discovered server ac-ftthfxo-shard-00-01.ulqvyrj.mongodb.net:27017 to client view of cluster
23:50 INFO  o.s.s.c.a.a.c.InitializeUserDetailsBeanManagerConfigurer$InitializeUserDetailsManagerConfigurer - Global AuthenticationManager configured with UserDetailsService bean with name userDetailsServiceImpl
23:50 INFO  o.a.coyote.http11.Http11NioProtocol - Starting ProtocolHandler ["http-nio-8080"]
23:50 INFO  o.s.boot.tomcat.TomcatWebServer - Tomcat started on port 8080 (http) with context path '/'
23:50 INFO  c.c.journalApp.JournalApplication - Started JournalApplication in 0.98 seconds (process running for 1.355)
23:50 INFO  org.mongodb.driver.cluster - Monitor thread successfully connected to server with description ServerDescription{address=ac-ftthfxo-shard-00-01.ulqvyrj.mongodb.net:27017, type=REPLICA_SET_PRIMARY, cryptd=false, state=CONNECTED, ok=true, minWireVersion=0, maxWireVersion=25, maxDocumentSize=16777216, logicalSessionTimeoutMinutes=30, roundTripTimeNanos=276520875, minRoundTripTimeNanos=0, setName='atlas-lscx22-shard-0', canonicalAddress=ac-ftthfxo-shard-00-01.ulqvyrj.mongodb.net:27017, hosts=[ac-ftthfxo-shard-00-00.ulqvyrj.mongodb.net:27017, ac-ftthfxo-shard-00-01.ulqvyrj.mongodb.net:27017, ac-ftthfxo-shard-00-02.ulqvyrj.mongodb.net:27017], passives=[], arbiters=[], primary='ac-ftthfxo-shard-00-01.ulqvyrj.mongodb.net:27017', tagSet=TagSet{[Tag{name='availabilityZone', value='use1-az2'}, Tag{name='diskState', value='READY'}, Tag{name='nodeType', value='ELECTABLE'}, Tag{name='provider', value='AWS'}, Tag{name='region', value='US_EAST_1'}, Tag{name='workloadType', value='OPERATIONAL'}]}, electionId=7fffffff00000000000001da, setVersion=208, topologyVersion=TopologyVersion{processId=691ca55af99e444a426b5ff2, counter=6}, lastWriteDate=Sat Dec 13 23:50:16 PST 2025, lastUpdateTimeNanos=50230205568666}
23:50 INFO  org.mongodb.driver.cluster - Monitor thread successfully connected to server with description ServerDescription{address=ac-ftthfxo-shard-00-00.ulqvyrj.mongodb.net:27017, type=REPLICA_SET_SECONDARY, cryptd=false, state=CONNECTED, ok=true, minWireVersion=0, maxWireVersion=25, maxDocumentSize=16777216, logicalSessionTimeoutMinutes=30, roundTripTimeNanos=276520791, minRoundTripTimeNanos=0, setName='atlas-lscx22-shard-0', canonicalAddress=ac-ftthfxo-shard-00-00.ulqvyrj.mongodb.net:27017, hosts=[ac-ftthfxo-shard-00-00.ulqvyrj.mongodb.net:27017, ac-ftthfxo-shard-00-01.ulqvyrj.mongodb.net:27017, ac-ftthfxo-shard-00-02.ulqvyrj.mongodb.net:27017], passives=[], arbiters=[], primary='ac-ftthfxo-shard-00-01.ulqvyrj.mongodb.net:27017', tagSet=TagSet{[Tag{name='availabilityZone', value='use1-az1'}, Tag{name='diskState', value='READY'}, Tag{name='nodeType', value='ELECTABLE'}, Tag{name='provider', value='AWS'}, Tag{name='region', value='US_EAST_1'}, Tag{name='workloadType', value='OPERATIONAL'}]}, electionId=null, setVersion=208, topologyVersion=TopologyVersion{processId=691ca2fa2cb5e4ab9757aff1, counter=4}, lastWriteDate=Sat Dec 13 23:50:16 PST 2025, lastUpdateTimeNanos=50230205568666}
23:50 INFO  org.mongodb.driver.cluster - Monitor thread successfully connected to server with description ServerDescription{address=ac-ftthfxo-shard-00-02.ulqvyrj.mongodb.net:27017, type=REPLICA_SET_SECONDARY, cryptd=false, state=CONNECTED, ok=true, minWireVersion=0, maxWireVersion=25, maxDocumentSize=16777216, logicalSessionTimeoutMinutes=30, roundTripTimeNanos=276520916, minRoundTripTimeNanos=0, setName='atlas-lscx22-shard-0', canonicalAddress=ac-ftthfxo-shard-00-02.ulqvyrj.mongodb.net:27017, hosts=[ac-ftthfxo-shard-00-00.ulqvyrj.mongodb.net:27017, ac-ftthfxo-shard-00-01.ulqvyrj.mongodb.net:27017, ac-ftthfxo-shard-00-02.ulqvyrj.mongodb.net:27017], passives=[], arbiters=[], primary='ac-ftthfxo-shard-00-01.ulqvyrj.mongodb.net:27017', tagSet=TagSet{[Tag{name='availabilityZone', value='use1-az4'}, Tag{name='diskState', value='READY'}, Tag{name='nodeType', value='ELECTABLE'}, Tag{name='provider', value='AWS'}, Tag{name='region', value='US_EAST_1'}, Tag{name='workloadType', value='OPERATIONAL'}]}, electionId=null, setVersion=208, topologyVersion=TopologyVersion{processId=691ca7e6eadbc05ce493a64a, counter=3}, lastWriteDate=Sat Dec 13 23:50:16 PST 2025, lastUpdateTimeNanos=50230205568708}
23:50 INFO  org.mongodb.driver.cluster - Discovered replica set primary ac-ftthfxo-shard-00-01.ulqvyrj.mongodb.net:27017 with max election id 7fffffff00000000000001da and max set version 208
23:53 INFO  o.s.boot.tomcat.GracefulShutdown - Commencing graceful shutdown. Waiting for active requests to complete
23:53 INFO  o.s.boot.tomcat.GracefulShutdown - Graceful shutdown complete
23:53 INFO  c.c.journalApp.JournalApplication - Starting JournalApplication using Java 21.0.1 with PID 28200 (/Users/ashishnamdeo/Downloads/journalApp/target/classes started by ashishnamdeo in /Users/ashishnamdeo/Downloads/journalApp)
23:53 INFO  c.c.journalApp.JournalApplication - The following 1 profile is active: "dev"
23:53 INFO  o.s.d.r.c.RepositoryConfigurationDelegate - Bootstrapping Spring Data MongoDB repositories in DEFAULT mode.
23:53 INFO  o.s.d.r.c.RepositoryConfigurationDelegate - Finished Spring Data repository scanning in 15 ms. Found 2 MongoDB repository interfaces.
23:53 INFO  o.s.boot.tomcat.TomcatWebServer - Tomcat initialized with port 8080 (http)
23:53 INFO  o.a.coyote.http11.Http11NioProtocol - Initializing ProtocolHandler ["http-nio-8080"]
23:53 INFO  o.a.catalina.core.StandardService - Starting service [Tomcat]
23:53 INFO  o.a.catalina.core.StandardEngine - Starting Servlet engine: [Apache Tomcat/11.0.14]
23:53 INFO  o.s.b.w.c.s.WebApplicationContextInitializer - Root WebApplicationContext: initialization completed in 399 ms
23:53 INFO  org.mongodb.driver.client - MongoClient with metadata {"application": {"name": "Cluster0"}, "driver": {"name": "mongo-java-driver|spring-boot|sync", "version": "5.6.1"}, "os": {"type": "Darwin", "name": "Mac OS X", "architecture": "aarch64", "version": "15.6.1"}, "platform": "Java/Oracle Corporation/21.0.1+12-LTS-29"} created with settings MongoClientSettings{readPreference=primary, writeConcern=WriteConcern{w=null, wTimeout=null ms, journal=null}, retryWrites=true, retryReads=true, readConcern=ReadConcern{level=null}, credential=MongoCredential{mechanism=null, userName='ashishnamdev14_db_user', source='admin', password=<hidden>, mechanismProperties=<hidden>}, transportSettings=null, commandListeners=[], codecRegistry=ProvidersCodecRegistry{codecProviders=[ValueCodecProvider{}, BsonValueCodecProvider{}, DBRefCodecProvider{}, DBObjectCodecProvider{}, DocumentCodecProvider{}, CollectionCodecProvider{}, IterableCodecProvider{}, MapCodecProvider{}, GeoJsonCodecProvider{}, GridFSFileCodecProvider{}, Jsr310CodecProvider{}, JsonObjectCodecProvider{}, BsonCodecProvider{}, com.mongodb.client.model.mql.ExpressionCodecProvider@5e599100, com.mongodb.Jep395RecordCodecProvider@3b435211, com.mongodb.KotlinCodecProvider@361cd35c, EnumCodecProvider{}]}, loggerSettings=LoggerSettings{maxDocumentLength=1000}, clusterSettings={hosts=[127.0.0.1:27017], srvHost=cluster0.ulqvyrj.mongodb.net, srvServiceName=mongodb, mode=MULTIPLE, requiredClusterType=REPLICA_SET, requiredReplicaSetName='atlas-lscx22-shard-0', serverSelector='null', clusterListeners='[]', serverSelectionTimeout='30000 ms', localThreshold='15 ms'}, socketSettings=SocketSettings{connectTimeoutMS=10000, readTimeoutMS=0, receiveBufferSize=0, proxySettings=ProxySettings{host=null, port=null, username=null, password=null}}, heartbeatSocketSettings=SocketSettings{connectTimeoutMS=10000, readTimeoutMS=10000, receiveBufferSize=0, proxySettings=ProxySettings{host=null, port=null, username=null, password=null}}, connectionPoolSettings=ConnectionPoolSettings{maxSize=100, minSize=0, maxWaitTimeMS=120000, maxConnectionLifeTimeMS=0, maxConnectionIdleTimeMS=0, maintenanceInitialDelayMS=0, maintenanceFrequencyMS=60000, connectionPoolListeners=[], maxConnecting=2}, serverSettings=ServerSettings{heartbeatFrequencyMS=10000, minHeartbeatFrequencyMS=500, serverMonitoringMode=AUTO, serverListeners='[]', serverMonitorListeners='[]'}, sslSettings=SslSettings{enabled=true, invalidHostNameAllowed=false, context=null}, applicationName='Cluster0', compressorList=[], uuidRepresentation=UNSPECIFIED, serverApi=null, autoEncryptionSettings=null, dnsClient=null, inetAddressResolver=null, contextProvider=null, timeoutMS=null}
23:53 INFO  org.mongodb.driver.cluster - Adding discovered server ac-ftthfxo-shard-00-02.ulqvyrj.mongodb.net:27017 to client view of cluster
23:53 INFO  org.mongodb.driver.cluster - Adding discovered server ac-ftthfxo-shard-00-01.ulqvyrj.mongodb.net:27017 to client view of cluster
23:53 INFO  org.mongodb.driver.cluster - Adding discovered server ac-ftthfxo-shard-00-00.ulqvyrj.mongodb.net:27017 to client view of cluster
23:53 INFO  o.s.s.c.a.a.c.InitializeUserDetailsBeanManagerConfigurer$InitializeUserDetailsManagerConfigurer - Global AuthenticationManager configured with UserDetailsService bean with name userDetailsServiceImpl
23:53 INFO  o.a.coyote.http11.Http11NioProtocol - Starting ProtocolHandler ["http-nio-8080"]
23:53 INFO  o.s.boot.tomcat.TomcatWebServer - Tomcat started on port 8080 (http) with context path '/'
23:53 INFO  c.c.journalApp.JournalApplication - Started JournalApplication in 1.001 seconds (process running for 1.387)
23:53 INFO  org.mongodb.driver.cluster - Monitor thread successfully connected to server with description ServerDescription{address=ac-ftthfxo-shard-00-00.ulqvyrj.mongodb.net:27017, type=REPLICA_SET_SECONDARY, cryptd=false, state=CONNECTED, ok=true, minWireVersion=0, maxWireVersion=25, maxDocumentSize=16777216, logicalSessionTimeoutMinutes=30, roundTripTimeNanos=304793042, minRoundTripTimeNanos=0, setName='atlas-lscx22-shard-0', canonicalAddress=ac-ftthfxo-shard-00-00.ulqvyrj.mongodb.net:27017, hosts=[ac-ftthfxo-shard-00-00.ulqvyrj.mongodb.net:27017, ac-ftthfxo-shard-00-01.ulqvyrj.mongodb.net:27017, ac-ftthfxo-shard-00-02.ulqvyrj.mongodb.net:27017], passives=[], arbiters=[], primary='ac-ftthfxo-shard-00-01.ulqvyrj.mongodb.net:27017', tagSet=TagSet{[Tag{name='availabilityZone', value='use1-az1'}, Tag{name='diskState', value='READY'}, Tag{name='nodeType', value='ELECTABLE'}, Tag{name='provider', value='AWS'}, Tag{name='region', value='US_EAST_1'}, Tag{name='workloadType', value='OPERATIONAL'}]}, electionId=null, setVersion=208, topologyVersion=TopologyVersion{processId=691ca2fa2cb5e4ab9757aff1, counter=4}, lastWriteDate=Sat Dec 13 23:53:04 PST 2025, lastUpdateTimeNanos=50398367602583}
23:53 INFO  org.mongodb.driver.cluster - Monitor thread successfully connected to server with description ServerDescription{address=ac-ftthfxo-shard-00-02.ulqvyrj.mongodb.net:27017, type=REPLICA_SET_SECONDARY, cryptd=false, state=CONNECTED, ok=true, minWireVersion=0, maxWireVersion=25, maxDocumentSize=16777216, logicalSessionTimeoutMinutes=30, roundTripTimeNanos=304793000, minRoundTripTimeNanos=0, setName='atlas-lscx22-shard-0', canonicalAddress=ac-ftthfxo-shard-00-02.ulqvyrj.mongodb.net:27017, hosts=[ac-ftthfxo-shard-00-00.ulqvyrj.mongodb.net:27017, ac-ftthfxo-shard-00-01.ulqvyrj.mongodb.net:27017, ac-ftthfxo-shard-00-02.ulqvyrj.mongodb.net:27017], passives=[], arbiters=[], primary='ac-ftthfxo-shard-00-01.ulqvyrj.mongodb.net:27017', tagSet=TagSet{[Tag{name='availabilityZone', value='use1-az4'}, Tag{name='diskState', value='READY'}, Tag{name='nodeType', value='ELECTABLE'}, Tag{name='provider', value='AWS'}, Tag{name='region', value='US_EAST_1'}, Tag{name='workloadType', value='OPERATIONAL'}]}, electionId=null, setVersion=208, topologyVersion=TopologyVersion{processId=691ca7e6eadbc05ce493a64a, counter=3}, lastWriteDate=Sat Dec 13 23:53:04 PST 2025, lastUpdateTimeNanos=50398367602583}
23:53 INFO  org.mongodb.driver.cluster - Monitor thread successfully connected to server with description ServerDescription{address=ac-ftthfxo-shard-00-01.ulqvyrj.mongodb.net:27017, type=REPLICA_SET_PRIMARY, cryptd=false, state=CONNECTED, ok=true, minWireVersion=0, maxWireVersion=25, maxDocumentSize=16777216, logicalSessionTimeoutMinutes=30, roundTripTimeNanos=304792875, minRoundTripTimeNanos=0, setName='atlas-lscx22-shard-0', canonicalAddress=ac-ftthfxo-shard-00-01.ulqvyrj.mongodb.net:27017, hosts=[ac-ftthfxo-shard-00-00.ulqvyrj.mongodb.net:27017, ac-ftthfxo-shard-00-01.ulqvyrj.mongodb.net:27017, ac-ftthfxo-shard-00-02.ulqvyrj.mongodb.net:27017], passives=[], arbiters=[], primary='ac-ftthfxo-shard-00-01.ulqvyrj.mongodb.net:27017', tagSet=TagSet{[Tag{name='availabilityZone', value='use1-az2'}, Tag{name='diskState', value='READY'}, Tag{name='nodeType', value='ELECTABLE'}, Tag{name='provider', value='AWS'}, Tag{name='region', value='US_EAST_1'}, Tag{name='workloadType', value='OPERATIONAL'}]}, electionId=7fffffff00000000000001da, setVersion=208, topologyVersion=TopologyVersion{processId=691ca55af99e444a426b5ff2, counter=6}, lastWriteDate=Sat Dec 13 23:53:04 PST 2025, lastUpdateTimeNanos=50398367602583}
23:53 INFO  org.mongodb.driver.cluster - Discovered replica set primary ac-ftthfxo-shard-00-01.ulqvyrj.mongodb.net:27017 with max election id 7fffffff00000000000001da and max set version 208
